  accelfloor.cpp
  コードを生成中...
  コンパイル中...
  wall.cpp
  tutorial.cpp
  title_menu.cpp
  title.cpp
  start.cpp
  score.cpp
c:\users\gsp030\desktop\git\dgc\project\dgc\c++ひな形\score.cpp(61): warning C4244: '引数': 'int' から 'FLOAT' への変換です。データが失われる可能性があります。
c:\users\gsp030\desktop\git\dgc\project\dgc\c++ひな形\score.cpp(99): warning C4244: '引数': 'int' から 'float' への変換です。データが失われる可能性があります。
c:\users\gsp030\desktop\git\dgc\project\dgc\c++ひな形\score.cpp(99): warning C4244: '引数': 'float' から 'const int' への変換です。データが失われる可能性があります。
  scene3d.cpp
  scene2d.cpp
  scene.cpp
  result.cpp
  renderer.cpp
c:\users\gsp030\desktop\git\dgc\project\dgc\c++ひな形\renderer.cpp(389): warning C4244: '=': 'float' から 'DWORD' への変換です。データが失われる可能性があります。
  rank.cpp
  polygon.cpp
  player.cpp
c:\users\gsp030\desktop\git\dgc\project\dgc\c++ひな形\player.cpp(377): warning C4244: '=': 'int' から 'float' への変換です。データが失われる可能性があります。
c:\users\gsp030\desktop\git\dgc\project\dgc\c++ひな形\player.cpp(586): warning C4244: '=': 'int' から 'float' への変換です。データが失われる可能性があります。
  pause.cpp
  particle.cpp
c:\users\gsp030\desktop\git\dgc\project\dgc\c++ひな形\particle.cpp(66): warning C4244: '引数': 'int' から 'const float' への変換です。データが失われる可能性があります。
  number.cpp
  motion.cpp
  model_hierarchy.cpp
  model.cpp
  コードを生成中...
  コンパイル中...
  manager.cpp
  light.cpp
c:\users\gsp030\desktop\git\dgc\project\dgc\c++ひな形\light.cpp(48): warning C4305: '引数': 'double' から 'FLOAT' へ切り詰めます。
  item.cpp
  goal_ui.cpp
  gauge.cpp
  game.cpp
  destination.cpp
  debug_log.cpp
  course.cpp
  collision.cpp
  checkpoint.cpp
  chain_ui.cpp
c:\users\gsp030\desktop\git\dgc\project\dgc\c++ひな形\chain_ui.cpp(202): warning C4244: '引数': 'int' から 'float' への変換です。データが失われる可能性があります。
c:\users\gsp030\desktop\git\dgc\project\dgc\c++ひな形\chain_ui.cpp(202): warning C4244: '引数': 'float' から 'const int' への変換です。データが失われる可能性があります。
  camera.cpp
c:\users\gsp030\desktop\git\dgc\project\dgc\c++ひな形\camera.cpp(238): warning C4244: '初期化中': 'DWORD' から 'float' への変換です。データが失われる可能性があります。
c:\users\gsp030\desktop\git\dgc\project\dgc\c++ひな形\camera.cpp(239): warning C4244: '初期化中': 'DWORD' から 'float' への変換です。データが失われる可能性があります。
  bg.cpp
  コードを生成中...
  c++ひな形.vcxproj -> C:\Users\gsp030\Desktop\git\DGC\project\DGC\Debug\DGC.exe
  c++ひな形.vcxproj -> C:\Users\gsp030\Desktop\git\DGC\project\DGC\Debug\DGC.pdb (Full PDB)
